# JRE version: Java(TM) SE Runtime Environment (8.0_151-b12) (build 1.8.0_151-b12)
# Java VM: Java HotSpot(TM) 64-Bit Server VM (25.151-b12 mixed mode bsd-amd64 compressed oops)
Heap:
 PSYoungGen      total 99328K, used 30542K [0x0000000795580000, 0x000000079e780000, 0x00000007c0000000)
  eden space 84480K, 25% used [0x0000000795580000,0x0000000796a3ea68,0x000000079a800000)
  from space 14848K, 62% used [0x000000079a800000,0x000000079b1150a0,0x000000079b680000)
  to   space 14848K, 0% used [0x000000079d900000,0x000000079d900000,0x000000079e780000)
 ParOldGen       total 97792K, used 19977K [0x0000000740000000, 0x0000000745f80000, 0x0000000795580000)
  object space 97792K, 20% used [0x0000000740000000,0x00000007413824b0,0x0000000745f80000)
 Metaspace       used 42204K, capacity 44784K, committed 44928K, reserved 1087488K
  class space    used 5738K, capacity 6220K, committed 6272K, reserved 1048576K
GC Heap History (10 events):
Event: 3.213 GC heap before
{Heap before GC invocations=5 (full 1):
 PSYoungGen      total 38400K, used 33280K [0x0000000795580000, 0x000000079a080000, 0x00000007c0000000)
  eden space 33280K, 100% used [0x0000000795580000,0x0000000797600000,0x0000000797600000)
  from space 5120K, 0% used [0x0000000797600000,0x0000000797600000,0x0000000797b00000)
  to   space 5120K, 0% used [0x0000000799b80000,0x0000000799b80000,0x000000079a080000)
 ParOldGen       total 57856K, used 7615K [0x0000000740000000, 0x0000000743880000, 0x0000000795580000)
  object space 57856K, 13% used [0x0000000740000000,0x000000074076fc28,0x0000000743880000)
 Metaspace       used 22308K, capacity 23112K, committed 23168K, reserved 1069056K
  class space    used 2947K, capacity 3171K, committed 3200K, reserved 1048576K
Event: 3.237 GC heap after
Heap after GC invocations=5 (full 1):
 PSYoungGen      total 59392K, used 4350K [0x0000000795580000, 0x000000079a000000, 0x00000007c0000000)
  eden space 54784K, 0% used [0x0000000795580000,0x0000000795580000,0x0000000798b00000)
  from space 4608K, 94% used [0x0000000799b80000,0x0000000799fbfb48,0x000000079a000000)
  to   space 5120K, 0% used [0x0000000799600000,0x0000000799600000,0x0000000799b00000)
 ParOldGen       total 57856K, used 7623K [0x0000000740000000, 0x0000000743880000, 0x0000000795580000)
  object space 57856K, 13% used [0x0000000740000000,0x0000000740771c28,0x0000000743880000)
 Metaspace       used 22308K, capacity 23112K, committed 23168K, reserved 1069056K
  class space    used 2947K, capacity 3171K, committed 3200K, reserved 1048576K
}
Event: 4.004 GC heap before
{Heap before GC invocations=6 (full 1):
 PSYoungGen      total 59392K, used 59134K [0x0000000795580000, 0x000000079a000000, 0x00000007c0000000)
  eden space 54784K, 100% used [0x0000000795580000,0x0000000798b00000,0x0000000798b00000)
  from space 4608K, 94% used [0x0000000799b80000,0x0000000799fbfb48,0x000000079a000000)
  to   space 5120K, 0% used [0x0000000799600000,0x0000000799600000,0x0000000799b00000)
 ParOldGen       total 57856K, used 7623K [0x0000000740000000, 0x0000000743880000, 0x0000000795580000)
  object space 57856K, 13% used [0x0000000740000000,0x0000000740771c28,0x0000000743880000)
 Metaspace       used 27113K, capacity 28484K, committed 28544K, reserved 1073152K
  class space    used 3635K, capacity 3919K, committed 3968K, reserved 1048576K
Event: 4.021 GC heap after
Heap after GC invocations=6 (full 1):
 PSYoungGen      total 71168K, used 5092K [0x0000000795580000, 0x000000079c080000, 0x00000007c0000000)
  eden space 66048K, 0% used [0x0000000795580000,0x0000000795580000,0x0000000799600000)
  from space 5120K, 99% used [0x0000000799600000,0x0000000799af9040,0x0000000799b00000)
  to   space 10240K, 0% used [0x000000079b680000,0x000000079b680000,0x000000079c080000)
 ParOldGen       total 57856K, used 11317K [0x0000000740000000, 0x0000000743880000, 0x0000000795580000)
  object space 57856K, 19% used [0x0000000740000000,0x0000000740b0d5d8,0x0000000743880000)
 Metaspace       used 27113K, capacity 28484K, committed 28544K, reserved 1073152K
  class space    used 3635K, capacity 3919K, committed 3968K, reserved 1048576K
}
Event: 4.974 GC heap before
{Heap before GC invocations=7 (full 1):
 PSYoungGen      total 71168K, used 62911K [0x0000000795580000, 0x000000079c080000, 0x00000007c0000000)
  eden space 66048K, 87% used [0x0000000795580000,0x0000000798df6be8,0x0000000799600000)
  from space 5120K, 99% used [0x0000000799600000,0x0000000799af9040,0x0000000799b00000)
  to   space 10240K, 0% used [0x000000079b680000,0x000000079b680000,0x000000079c080000)
 ParOldGen       total 57856K, used 11317K [0x0000000740000000, 0x0000000743880000, 0x0000000795580000)
  object space 57856K, 19% used [0x0000000740000000,0x0000000740b0d5d8,0x0000000743880000)
 Metaspace       used 33918K, capacity 35440K, committed 35496K, reserved 1079296K
  class space    used 4527K, capacity 4835K, committed 4864K, reserved 1048576K
Event: 4.993 GC heap after
Heap after GC invocations=7 (full 1):
 PSYoungGen      total 94720K, used 10215K [0x0000000795580000, 0x000000079da00000, 0x00000007c0000000)
  eden space 84480K, 0% used [0x0000000795580000,0x0000000795580000,0x000000079a800000)
  from space 10240K, 99% used [0x000000079b680000,0x000000079c079e30,0x000000079c080000)
  to   space 14848K, 0% used [0x000000079a800000,0x000000079a800000,0x000000079b680000)
 ParOldGen       total 57856K, used 17005K [0x0000000740000000, 0x0000000743880000, 0x0000000795580000)
  object space 57856K, 29% used [0x0000000740000000,0x000000074109b400,0x0000000743880000)
 Metaspace       used 33918K, capacity 35440K, committed 35496K, reserved 1079296K
  class space    used 4527K, capacity 4835K, committed 4864K, reserved 1048576K
}
Event: 4.993 GC heap before
{Heap before GC invocations=8 (full 2):
 PSYoungGen      total 94720K, used 10215K [0x0000000795580000, 0x000000079da00000, 0x00000007c0000000)
  eden space 84480K, 0% used [0x0000000795580000,0x0000000795580000,0x000000079a800000)
  from space 10240K, 99% used [0x000000079b680000,0x000000079c079e30,0x000000079c080000)
  to   space 14848K, 0% used [0x000000079a800000,0x000000079a800000,0x000000079b680000)
 ParOldGen       total 57856K, used 17005K [0x0000000740000000, 0x0000000743880000, 0x0000000795580000)
  object space 57856K, 29% used [0x0000000740000000,0x000000074109b400,0x0000000743880000)
 Metaspace       used 33918K, capacity 35440K, committed 35496K, reserved 1079296K
  class space    used 4527K, capacity 4835K, committed 4864K, reserved 1048576K
Event: 5.085 GC heap after
Heap after GC invocations=8 (full 2):
 PSYoungGen      total 94720K, used 0K [0x0000000795580000, 0x000000079da00000, 0x00000007c0000000)
  eden space 84480K, 0% used [0x0000000795580000,0x0000000795580000,0x000000079a800000)
  from space 10240K, 0% used [0x000000079b680000,0x000000079b680000,0x000000079c080000)
  to   space 14848K, 0% used [0x000000079a800000,0x000000079a800000,0x000000079b680000)
 ParOldGen       total 97792K, used 19969K [0x0000000740000000, 0x0000000745f80000, 0x0000000795580000)
  object space 97792K, 20% used [0x0000000740000000,0x00000007413804b0,0x0000000745f80000)
 Metaspace       used 33918K, capacity 35440K, committed 35496K, reserved 1079296K
  class space    used 4527K, capacity 4835K, committed 4864K, reserved 1048576K
}
Event: 30.711 GC heap before
{Heap before GC invocations=9 (full 2):
 PSYoungGen      total 94720K, used 84480K [0x0000000795580000, 0x000000079da00000, 0x00000007c0000000)
  eden space 84480K, 100% used [0x0000000795580000,0x000000079a800000,0x000000079a800000)
  from space 10240K, 0% used [0x000000079b680000,0x000000079b680000,0x000000079c080000)
  to   space 14848K, 0% used [0x000000079a800000,0x000000079a800000,0x000000079b680000)
 ParOldGen       total 97792K, used 19969K [0x0000000740000000, 0x0000000745f80000, 0x0000000795580000)
  object space 97792K, 20% used [0x0000000740000000,0x00000007413804b0,0x0000000745f80000)
 Metaspace       used 40838K, capacity 43286K, committed 43392K, reserved 1087488K
  class space    used 5539K, capacity 5981K, committed 6016K, reserved 1048576K
Event: 30.731 GC heap after
Heap after GC invocations=9 (full 2):
 PSYoungGen      total 99328K, used 9300K [0x0000000795580000, 0x000000079e780000, 0x00000007c0000000)
  eden space 84480K, 0% used [0x0000000795580000,0x0000000795580000,0x000000079a800000)
  from space 14848K, 62% used [0x000000079a800000,0x000000079b1150a0,0x000000079b680000)
  to   space 14848K, 0% used [0x000000079d900000,0x000000079d900000,0x000000079e780000)
 ParOldGen       total 97792K, used 19977K [0x0000000740000000, 0x0000000745f80000, 0x0000000795580000)
  object space 97792K, 20% used [0x0000000740000000,0x00000007413824b0,0x0000000745f80000)
 Metaspace       used 40838K, capacity 43286K, committed 43392K, reserved 1087488K
  class space    used 5539K, capacity 5981K, committed 6016K, reserved 1048576K
}

